<?xml version="1.0" ?>
<!DOCTYPE coverage SYSTEM 'http://cobertura.sourceforge.net/xml/coverage-04.dtd'>
<coverage line-rate="0.935" lines-covered="116" lines-valid="124" branch-rate="1.0" branches-covered="1.0" branches-rate="1.0" complexity="1.0" version="1.9" timestamp="1632920173">
	<sources>
		<source>/home/user/.opt/q9f/rlp.cr/src/</source>
	</sources>
	<packages>
		<package name="run_coverage" line-rate="0.935" lines-covered="116" lines-valid="124" branch-rate="1.0" complexity="1.0">
			<classes>
				<class name="rlp_cr" filename="rlp.cr" branch-rate="1.0" complexity="1.0" line-rate="0.909">
					<lines>
						<line number="33" hits="2"/>
						<line number="37" hits="2"/>
						<line number="44" hits="1"/>
						<line number="46" hits="1"/>
						<line number="47" hits="1"/>
						<line number="50" hits="1"/>
						<line number="57" hits="1"/>
						<line number="59" hits="1"/>
						<line number="62" hits="1"/>
						<line number="65" hits="1"/>
						<line number="66" hits="1"/>
						<line number="69" hits="1"/>
						<line number="72" hits="1"/>
						<line number="74" hits="1"/>
						<line number="87" hits="11"/>
						<line number="89" hits="13"/>
						<line number="94" hits="10"/>
						<line number="96" hits="23"/>
						<line number="97" hits="12"/>
						<line number="99" hits="13"/>
						<line number="107" hits="10"/>
						<line number="109" hits="8"/>
						<line number="110" hits="8"/>
						<line number="113" hits="8"/>
						<line number="121" hits="3"/>
						<line number="123" hits="3"/>
						<line number="126" hits="3"/>
						<line number="129" hits="3"/>
						<line number="130" hits="3"/>
						<line number="133" hits="3"/>
						<line number="136" hits="3"/>
						<line number="138" hits="3"/>
						<line number="151" hits="1"/>
						<line number="152" hits="1"/>
						<line number="155" hits="1"/>
						<line number="157" hits="1"/>
						<line number="159" hits="1"/>
						<line number="172" hits="6"/>
						<line number="173" hits="6"/>
						<line number="176" hits="12"/>
						<line number="180" hits="5"/>
						<line number="182" hits="12"/>
						<line number="195" hits="1"/>
						<line number="197" hits="1"/>
						<line number="209" hits="1"/>
						<line number="210" hits="1"/>
						<line number="212" hits="1"/>
						<line number="233" hits="2"/>
						<line number="235" hits="1"/>
						<line number="239" hits="1"/>
						<line number="242" hits="1"/>
						<line number="246" hits="1"/>
						<line number="247" hits="1"/>
						<line number="248" hits="2"/>
						<line number="251" hits="1"/>
						<line number="253" hits="1"/>
						<line number="254" hits="0"/>
						<line number="255" hits="2"/>
						<line number="257" hits="0"/>
						<line number="258" hits="0"/>
						<line number="261" hits="1"/>
						<line number="262" hits="1"/>
						<line number="264" hits="1"/>
						<line number="265" hits="1"/>
						<line number="268" hits="0"/>
						<line number="269" hits="1"/>
						<line number="273" hits="1"/>
						<line number="275" hits="1"/>
						<line number="276" hits="1"/>
						<line number="277" hits="1"/>
						<line number="279" hits="1"/>
						<line number="280" hits="2"/>
						<line number="282" hits="0"/>
						<line number="283" hits="2"/>
						<line number="285" hits="0"/>
						<line number="286" hits="1"/>
						<line number="287" hits="0"/>
						<line number="288" hits="2"/>
						<line number="290" hits="1"/>
						<line number="293" hits="0"/>
						<line number="294" hits="1"/>
						<line number="295" hits="4"/>
						<line number="299" hits="1"/>
						<line number="300" hits="2"/>
						<line number="301" hits="2"/>
						<line number="304" hits="5"/>
						<line number="326" hits="1"/>
						<line number="327" hits="1"/>
					</lines>
				</class>
				<class name="util_cr" filename="util.cr" branch-rate="1.0" complexity="1.0" line-rate="1.000">
					<lines>
						<line number="1" hits="1"/>
						<line number="39" hits="2"/>
						<line number="40" hits="1"/>
						<line number="61" hits="2"/>
						<line number="62" hits="1"/>
						<line number="63" hits="1"/>
						<line number="76" hits="2"/>
						<line number="77" hits="1"/>
						<line number="98" hits="5"/>
						<line number="99" hits="5"/>
						<line number="100" hits="5"/>
						<line number="101" hits="5"/>
						<line number="113" hits="1"/>
						<line number="114" hits="1"/>
						<line number="115" hits="1"/>
						<line number="128" hits="2"/>
						<line number="129" hits="1"/>
						<line number="130" hits="1"/>
						<line number="142" hits="2"/>
						<line number="143" hits="1"/>
						<line number="144" hits="1"/>
						<line number="156" hits="2"/>
						<line number="157" hits="1"/>
						<line number="158" hits="1"/>
						<line number="170" hits="1"/>
						<line number="171" hits="1"/>
						<line number="183" hits="1"/>
						<line number="184" hits="1"/>
						<line number="195" hits="2"/>
						<line number="197" hits="1"/>
						<line number="201" hits="1"/>
						<line number="206" hits="1"/>
						<line number="210" hits="1"/>
					</lines>
				</class>
				<class name="constants_cr" filename="constants.cr" branch-rate="1.0" complexity="1.0" line-rate="1.000">
					<lines>
						<line number="28" hits="1"/>
						<line number="31" hits="1"/>
						<line number="34" hits="1"/>
					</lines>
				</class>
			</classes>
		</package>
	</packages>
</coverage>
